{
  "stats": {
    "suites": 1,
    "tests": 2,
    "passes": 2,
    "pending": 0,
    "failures": 0,
    "start": "2025-03-25T21:01:17.727Z",
    "end": "2025-03-25T21:01:20.496Z",
    "duration": 2769,
    "testsRegistered": 2,
    "passPercent": 100,
    "pendingPercent": 0,
    "other": 0,
    "hasOther": false,
    "skipped": 0,
    "hasSkipped": false
  },
  "results": [
    {
      "uuid": "b8874570-7d1b-4fb2-9fc5-f3d7838d87b4",
      "title": "",
      "fullFile": "cypress/e2e/login.spec.ts",
      "file": "cypress/e2e/login.spec.ts",
      "beforeHooks": [],
      "afterHooks": [],
      "tests": [],
      "suites": [
        {
          "uuid": "f2938776-ec48-4c6e-b2f0-78adec388faa",
          "title": "On demo website",
          "fullFile": "",
          "file": "",
          "beforeHooks": [],
          "afterHooks": [],
          "tests": [
            {
              "title": "using correct credential should be able to login with standard user",
              "fullTitle": "On demo website using correct credential should be able to login with standard user",
              "timedOut": null,
              "duration": 1880,
              "state": "passed",
              "speed": "fast",
              "pass": true,
              "fail": false,
              "pending": false,
              "context": null,
              "code": "loginWithStandardUser('standard_user');\ncy.get(_support_locators_inventory__WEBPACK_IMPORTED_MODULE_1__[\"default\"].title).should('be.visible');\nlogout();",
              "err": {},
              "uuid": "e5691cff-1be5-4d7e-83cd-ee5fd9af0a86",
              "parentUUID": "f2938776-ec48-4c6e-b2f0-78adec388faa",
              "isHook": false,
              "skipped": false
            },
            {
              "title": "should not be able to login with locked out user",
              "fullTitle": "On demo website should not be able to login with locked out user",
              "timedOut": null,
              "duration": 787,
              "state": "passed",
              "speed": "fast",
              "pass": true,
              "fail": false,
              "pending": false,
              "context": null,
              "code": "loginWithStandardUser('locked_out_user');\ncy.get(_support_locators_login__WEBPACK_IMPORTED_MODULE_2__[\"default\"].error).should('be.visible');\ncy.get(_support_locators_login__WEBPACK_IMPORTED_MODULE_2__[\"default\"].error).should('have.text', 'Epic sadface: Sorry, this user has been locked out.');",
              "err": {},
              "uuid": "c380a445-9885-403e-a2d5-dddea9bf38c9",
              "parentUUID": "f2938776-ec48-4c6e-b2f0-78adec388faa",
              "isHook": false,
              "skipped": false
            }
          ],
          "suites": [],
          "passes": [
            "e5691cff-1be5-4d7e-83cd-ee5fd9af0a86",
            "c380a445-9885-403e-a2d5-dddea9bf38c9"
          ],
          "failures": [],
          "pending": [],
          "skipped": [],
          "duration": 2667,
          "root": false,
          "rootEmpty": false,
          "_timeout": 2000
        }
      ],
      "passes": [],
      "failures": [],
      "pending": [],
      "skipped": [],
      "duration": 0,
      "root": true,
      "rootEmpty": true,
      "_timeout": 2000
    }
  ],
  "meta": {
    "mocha": {
      "version": "7.0.1"
    },
    "mochawesome": {
      "options": {
        "quiet": false,
        "reportFilename": "mochawesome",
        "saveHtml": false,
        "saveJson": true,
        "consoleReporter": "spec",
        "useInlineDiffs": false,
        "code": true
      },
      "version": "7.1.3"
    },
    "marge": {
      "options": {
        "reportDir": "cypress/reports",
        "overwrite": false,
        "html": false,
        "json": true
      },
      "version": "6.2.0"
    }
  }
}